[debug] [2017-09-17T03:47:27.124Z] ----------------------------------------------------------------------
[debug] [2017-09-17T03:47:27.128Z] Command:      /usr/local/bin/node /usr/local/bin/firebase init
[debug] [2017-09-17T03:47:27.129Z] CLI Version:  3.9.1
[debug] [2017-09-17T03:47:27.129Z] Platform:     darwin
[debug] [2017-09-17T03:47:27.129Z] Node Version: v6.11.0
[debug] [2017-09-17T03:47:27.130Z] Time:         Sat Sep 16 2017 23:47:27 GMT-0400 (EDT)
[debug] [2017-09-17T03:47:27.130Z] ----------------------------------------------------------------------
[debug] 
[debug] [2017-09-17T03:47:27.152Z] > command requires scopes: ["email","openid","https://www.googleapis.com/auth/cloudplatformprojects.readonly","https://www.googleapis.com/auth/firebase"]
[debug] [2017-09-17T03:47:27.153Z] > authorizing via signed-in user
[info] 
     🔥🔥🔥🔥🔥🔥🔥🔥 🔥🔥🔥🔥 🔥🔥🔥🔥🔥🔥🔥🔥  🔥🔥🔥🔥🔥🔥🔥🔥 🔥🔥🔥🔥🔥🔥🔥🔥     🔥🔥🔥     🔥🔥🔥🔥🔥🔥  🔥🔥🔥🔥🔥🔥🔥🔥
     🔥🔥        🔥🔥  🔥🔥     🔥🔥 🔥🔥       🔥🔥     🔥🔥  🔥🔥   🔥🔥  🔥🔥       🔥🔥
     🔥🔥🔥🔥🔥🔥    🔥🔥  🔥🔥🔥🔥🔥🔥🔥🔥  🔥🔥🔥🔥🔥🔥   🔥🔥🔥🔥🔥🔥🔥🔥  🔥🔥🔥🔥🔥🔥🔥🔥🔥  🔥🔥🔥🔥🔥🔥  🔥🔥🔥🔥🔥🔥
     🔥🔥        🔥🔥  🔥🔥    🔥🔥  🔥🔥       🔥🔥     🔥🔥 🔥🔥     🔥🔥       🔥🔥 🔥🔥
     🔥🔥       🔥🔥🔥🔥 🔥🔥     🔥🔥 🔥🔥🔥🔥🔥🔥🔥🔥 🔥🔥🔥🔥🔥🔥🔥🔥  🔥🔥     🔥🔥  🔥🔥🔥🔥🔥🔥  🔥🔥🔥🔥🔥🔥🔥🔥

You're about to initialize a Firebase project in this directory:

  /Users/jancimac/Documents/WebDev/hackthenorth/HackTheNorth2017/mediblock

Before we get started, keep in mind:

  * You are initializing in an existing Firebase project directory

[info] 
=== Project Setup
[info] 
[info] First, let's associate this project directory with a Firebase project.
[info] You can create multiple project aliases by running firebase use --add, 
[info] but for now we'll just set up a default project.
[info] 
[debug] [2017-09-17T03:47:32.778Z] > refreshing access token with scopes: ["email","https://www.googleapis.com/auth/cloudplatformprojects.readonly","https://www.googleapis.com/auth/firebase","openid"]
[debug] [2017-09-17T03:47:32.779Z] >>> HTTP REQUEST POST https://www.googleapis.com/oauth2/v3/token { refresh_token: '1/HnewBn-PDjtAEXpP0-vRQ6Gk2HOUWhSji4hUhMx80RQ',
  client_id: '563584335869-fgrhgmd47bqnekij5i8b5pr03ho849e6.apps.googleusercontent.com',
  client_secret: 'j9iVZfS8kkCEFUPaAeJV0sAi',
  grant_type: 'refresh_token',
  scope: 'email https://www.googleapis.com/auth/cloudplatformprojects.readonly https://www.googleapis.com/auth/firebase openid' } 
 Sat Sep 16 2017 23:47:32 GMT-0400 (EDT)
[debug] [2017-09-17T03:47:33.031Z] <<< HTTP RESPONSE 200
[debug] [2017-09-17T03:47:33.049Z] >>> HTTP REQUEST GET https://admin.firebase.com/v1/projects  
 Sat Sep 16 2017 23:47:33 GMT-0400 (EDT)
[debug] [2017-09-17T03:47:34.479Z] <<< HTTP RESPONSE 200
[info] i  .firebaserc already has a default project, skipping
[info] 
=== Hosting Setup
[info] 
[info] Your public directory is the folder (relative to your project directory) that
[info] will contain Hosting assets to be uploaded with firebase deploy. If you
[info] have a build process for your assets, use your build's output directory.
[info] 
